<?xml version="1.0" encoding="UTF-8"?>
<testsuites name="Mocha Tests" time="5.831" tests="6" failures="0" skipped="4">
  <testsuite name="Root Suite" timestamp="2024-09-16T04:02:38" tests="0" file="cypress/e2e/features/login.feature" time="0.000" failures="0">
  </testsuite>
  <testsuite name="Automatización Front-end" timestamp="2024-09-16T04:02:38" tests="6" time="5.768" failures="0">
    <testcase name="Automatización Front-end Success Login" time="3.419" classname="Success Login">
    </testcase>
    <testcase name="Automatización Front-end Verify the total balance is 350" time="2.288" classname="Verify the total balance is 350">
    </testcase>
  </testsuite>
</testsuites>